<?xml version="1.0" encoding="UTF-8"?>
<!-- Generated by org.testng.reporters.JUnitReportReporter -->
<testsuite hostname="DESKTOP-UE7OVQ1" failures="0" tests="1" name="example5.web2" time="32.071" errors="0" timestamp="25 Jan 2022 09:12:23 GMT" skipped="0">
  <testcase classname="example5.web2" name="f" time="32.071"/>
</testsuite> <!-- example5.web2 -->
